[debug] [2024-09-20T01:33:27.631Z] ----------------------------------------------------------------------
[debug] [2024-09-20T01:33:27.646Z] Command:       /data/data/com.termux/files/usr/bin/node /data/data/com.termux/files/usr/bin/firebase init
[debug] [2024-09-20T01:33:27.649Z] CLI Version:   13.18.0
[debug] [2024-09-20T01:33:27.649Z] Platform:      android
[debug] [2024-09-20T01:33:27.651Z] Node Version:  v22.5.1
[debug] [2024-09-20T01:33:27.653Z] Time:          Fri Sep 20 2024 09:33:27 GMT+0800 (Philippine Standard Time)
[debug] [2024-09-20T01:33:27.654Z] ----------------------------------------------------------------------
[debug] 
[debug] [2024-09-20T01:33:28.012Z] > command requires scopes: ["email","openid","https://www.googleapis.com/auth/cloudplatformprojects.readonly","https://www.googleapis.com/auth/firebase","https://www.googleapis.com/auth/cloud-platform"]
[debug] [2024-09-20T01:33:28.015Z] > authorizing via signed-in user (reymartcenteno03@gmail.com)
[info] 
     ######## #### ########  ######## ########     ###     ######  ########
     ##        ##  ##     ## ##       ##     ##  ##   ##  ##       ##
     ######    ##  ########  ######   ########  #########  ######  ######
     ##        ##  ##    ##  ##       ##     ## ##     ##       ## ##
     ##       #### ##     ## ######## ########  ##     ##  ######  ########

You're about to initialize a Firebase project in this directory:

  /storage/emulated/0/Android/data/io.spck

Before we get started, keep in mind:

  * You are currently outside your home directory
  * You are initializing within an existing Firebase project directory

[info] 
=== Project Setup
[info] 
[info] First, let's associate this project directory with a Firebase project.
[info] You can create multiple project aliases by running firebase use --add, 
[info] but for now we'll just set up a default project.
[info] 
[debug] [2024-09-20T01:33:42.407Z] Using project from CLI flag: cubetech-7e81a
[debug] [2024-09-20T01:33:42.416Z] >>> [apiv2][query] GET https://firebase.googleapis.com/v1beta1/projects/cubetech-7e81a [none]
[debug] [2024-09-20T01:33:43.110Z] <<< [apiv2][status] GET https://firebase.googleapis.com/v1beta1/projects/cubetech-7e81a 200
[debug] [2024-09-20T01:33:43.111Z] <<< [apiv2][body] GET https://firebase.googleapis.com/v1beta1/projects/cubetech-7e81a {"projectId":"cubetech-7e81a","projectNumber":"176354355550","displayName":"cubetech","name":"projects/cubetech-7e81a","resources":{"hostingSite":"cubetech-7e81a","realtimeDatabaseInstance":"cubetech-7e81a-default-rtdb"},"state":"ACTIVE","etag":"1_acc39623-765f-4db7-a01d-49d74d9e8964"}
[info] i  Using project cubetech-7e81a (cubetech) 
[info] 
=== Hosting Setup
[debug] [2024-09-20T01:33:43.132Z] >>> [apiv2][query] GET https://firebase.googleapis.com/v1beta1/projects/cubetech-7e81a [none]
[debug] [2024-09-20T01:33:43.536Z] <<< [apiv2][status] GET https://firebase.googleapis.com/v1beta1/projects/cubetech-7e81a 200
[debug] [2024-09-20T01:33:43.536Z] <<< [apiv2][body] GET https://firebase.googleapis.com/v1beta1/projects/cubetech-7e81a {"projectId":"cubetech-7e81a","projectNumber":"176354355550","displayName":"cubetech","name":"projects/cubetech-7e81a","resources":{"hostingSite":"cubetech-7e81a","realtimeDatabaseInstance":"cubetech-7e81a-default-rtdb"},"state":"ACTIVE","etag":"1_acc39623-765f-4db7-a01d-49d74d9e8964"}
[info] 
[info] Your public directory is the folder (relative to your project directory) that
[info] will contain Hosting assets to be uploaded with firebase deploy. If you
[info] have a build process for your assets, use your build's output directory.
[info] 
[debug] [2024-09-20T01:34:05.317Z] >>> [apiv2][query] GET https://www.gstatic.com/firebasejs/releases.json [none]
[debug] [2024-09-20T01:34:05.691Z] <<< [apiv2][status] GET https://www.gstatic.com/firebasejs/releases.json 200
[debug] [2024-09-20T01:34:05.691Z] <<< [apiv2][body] GET https://www.gstatic.com/firebasejs/releases.json {"current":{"version":"10.13.2","browserURL":"https://www.gstatic.com/firebasejs/10.13.2/firebase.js","packageURL":"https://www.gstatic.com/firebasejs/10.13.2/firebase.tgz"},"live":{"version":"10.13","browserURL":"https://www.gstatic.com/firebasejs/live/10.13/firebase.js","packageURL":"https://www.gstatic.com/firebasejs/live/10.13/firebase.tgz"},"components":{"analytics":"https://www.gstatic.com/firebasejs/10.13.2/firebase-analytics.js","app":"https://www.gstatic.com/firebasejs/10.13.2/firebase-app.js","app-check":"https://www.gstatic.com/firebasejs/10.13.2/firebase-app-check.js","auth":"https://www.gstatic.com/firebasejs/10.13.2/firebase-auth.js","auth/cordova":"https://www.gstatic.com/firebasejs/10.13.2/firebase-auth/cordova.js","auth/web-extension":"https://www.gstatic.com/firebasejs/10.13.2/firebase-auth/web-extension.js","functions":"https://www.gstatic.com/firebasejs/10.13.2/firebase-functions.js","firestore":"https://www.gstatic.com/firebasejs/10.13.2/firebase-firestore.js","firestore/lite":"https://www.gstatic.com/firebasejs/10.13.2/firebase-firestore/lite.js","installations":"https://www.gstatic.com/firebasejs/10.13.2/firebase-installations.js","storage":"https://www.gstatic.com/firebasejs/10.13.2/firebase-storage.js","performance":"https://www.gstatic.com/firebasejs/10.13.2/firebase-performance.js","remote-config":"https://www.gstatic.com/firebasejs/10.13.2/firebase-remote-config.js","messaging":"https://www.gstatic.com/firebasejs/10.13.2/firebase-messaging.js","messaging/sw":"https://www.gstatic.com/firebasejs/10.13.2/firebase-messaging/sw.js","database":"https://www.gstatic.com/firebasejs/10.13.2/firebase-database.js","vertexai-preview":"https://www.gstatic.com/firebasejs/10.13.2/firebase-vertexai-preview.js","firestore.memory":"https://www.gstatic.com/firebasejs/10.13.2/firebase-firestore.memory.js"}}
[info] ✔  Wrote public/index.html 
[info] 
[info] i  Didn't detect a .git folder. Assuming /storage/emulated/0/Android/data/io.spck/files/app is the project root. 
[info] i  Authorizing with GitHub to upload your service account to a GitHub repository's secrets store. 
[info] 
[info] Visit this URL on this device to log in:
[info] https://github.com/login/oauth/authorize?client_id=89cf50f02ac6aaed3484&state=1065212769&redirect_uri=http%3A%2F%2Flocalhost%3A9005&scope=read%3Auser%20repo%20public_repo
[info] 
[info] Waiting for authentication...
